------------------------------------------------------------
H:\pyenvs\mdf\Scripts\pip-script.py run on 08/22/14 15:44:42
Downloading/unpacking xlwt

  Getting page http://msspypi:9191/simple/xlwt/
  URLs to search for versions for xlwt:
  * http://msspypi:9191/simple/xlwt/
  Analyzing links from page http://msspypi:9191/simple/xlwt/
    Skipping link http://msspypi:9191/dists/x/xlwt/xlwt-0.7.2-py2.6.egg (from http://msspypi:9191/simple/xlwt/); unknown archive format: .egg
    Skipping link http://msspypi:9191/dists/x/xlwt/xlwt-0.7.4-py2.6.egg (from http://msspypi:9191/simple/xlwt/); unknown archive format: .egg
    Skipping link http://msspypi:9191/dists/x/xlwt/xlwt-0.7.4-py2.7.egg (from http://msspypi:9191/simple/xlwt/); unknown archive format: .egg
  Could not find any downloads that satisfy the requirement xlwt

Cleaning up...

  Removing temporary dir H:\pyenvs\mdf\build...
No distributions at all found for xlwt

Exception information:
Traceback (most recent call last):
  File "H:\pyenvs\mdf\lib\site-packages\pip\basecommand.py", line 134, in main
    status = self.run(options, args)
  File "H:\pyenvs\mdf\lib\site-packages\pip\commands\install.py", line 236, in run
    requirement_set.prepare_files(finder, force_root_egg_info=self.bundle, bundle=self.bundle)
  File "H:\pyenvs\mdf\lib\site-packages\pip\req.py", line 1085, in prepare_files
    url = finder.find_requirement(req_to_install, upgrade=self.upgrade)
  File "H:\pyenvs\mdf\lib\site-packages\pip\index.py", line 265, in find_requirement
    raise DistributionNotFound('No distributions at all found for %s' % req)
DistributionNotFound: No distributions at all found for xlwt
